<?xml version="1.0" encoding="UTF-8"?>
<testsuite xmlns:xsi="http://www.w3.org/2001/XMLSchema-instance" xsi:noNamespaceSchemaLocation="https://maven.apache.org/surefire/maven-surefire-plugin/xsd/surefire-test-report.xsd" name="bmt.CalculatorOperationsTest" time="0.081" tests="4" errors="0" skipped="0" failures="0">
  <properties>
[...]
</properties>
  <testcase name="testSubtract" classname="bmt.CalculatorOperationsTest" time="0.004"/>
  <testcase name="testAddition" classname="bmt.CalculatorOperationsTest" time="0"/>
  <testcase name="testDivide" classname="bmt.CalculatorOperationsTest" time="0"/>
  <testcase name="testMultiply" classname="bmt.CalculatorOperationsTest" time="0"/>
</testsuite>