<?xml version="1.0" encoding="UTF-8"?>
<testsuite xmlns:xsi="http://www.w3.org/2001/XMLSchema-instance" xsi:noNamespaceSchemaLocation="https://maven.apache.org/surefire/maven-surefire-plugin/xsd/surefire-test-report.xsd" name="calculator.ValidationTest" time="0.221" tests="15" errors="0" skipped="0" failures="0">
  <properties>
[...]
</properties>
  <testcase name="testValidasiOperand2LessOfRange" classname="calculator.ValidationTest" time="0.001"/>
  <testcase name="testValidasiDivisionByZero" classname="calculator.ValidationTest" time="0.001"/>
  <testcase name="testValidasiInputNonNumerik1" classname="calculator.ValidationTest" time="0"/>
  <testcase name="testValidasiInputNonNumerik2" classname="calculator.ValidationTest" time="0"/>
  <testcase name="testValidasiInputNonNumerik3" classname="calculator.ValidationTest" time="0"/>
  <testcase name="testValidasiInputNonNumerik4" classname="calculator.ValidationTest" time="0.001"/>
  <testcase name="testValidasiInputNonNumerik5" classname="calculator.ValidationTest" time="0"/>
  <testcase name="testValidasiInputNonNumerik6" classname="calculator.ValidationTest" time="0"/>
  <testcase name="testValidasiOperand1OverOfRange" classname="calculator.ValidationTest" time="0.001"/>
  <testcase name="testConvertNegativeIntegerInput1" classname="calculator.ValidationTest" time="0"/>
  <testcase name="testConvertNegativeIntegerInput2" classname="calculator.ValidationTest" time="0"/>
  <testcase name="testValidasiOperand2OverOfRange" classname="calculator.ValidationTest" time="0"/>
  <testcase name="testValidasiInputOperatorAngka" classname="calculator.ValidationTest" time="0.004"/>
  <testcase name="testValidasiInputOperatorKarakterTidakValid" classname="calculator.ValidationTest" time="0"/>
  <testcase name="testValidasiOperand1LessOfRange" classname="calculator.ValidationTest" time="0.001"/>
</testsuite>